<?xml version="1.0" encoding="UTF-8"?>
<!-- Generated by org.testng.reporters.JUnitReportReporter -->
<testsuite hostname="deepak--pc" name="com.maven.org.test.TestMain" tests="19" failures="0" timestamp="3 Aug 2019 10:40:29 GMT" time="0.517" errors="0">
  <testcase name="testEqOperator" time="0.018" classname="com.maven.org.test.TestMain"/>
  <testcase name="testEndsWithOperator" time="0.017" classname="com.maven.org.test.TestMain"/>
  <testcase name="testStartsWithCaseSensitiveOperator" time="0.014" classname="com.maven.org.test.TestMain"/>
  <testcase name="testConstinsCaseSensitiveOperator" time="0.020" classname="com.maven.org.test.TestMain"/>
  <testcase name="testEndsWithCaseSensitiveOperator" time="0.015" classname="com.maven.org.test.TestMain"/>
  <testcase name="testGtOperator" time="0.016" classname="com.maven.org.test.TestMain"/>
  <testcase name="testNotEqOperator" time="0.013" classname="com.maven.org.test.TestMain"/>
  <testcase name="testAndOperator" time="0.214" classname="com.maven.org.test.TestMain"/>
  <testcase name="testInCaseSensitiveOperator" time="0.021" classname="com.maven.org.test.TestMain"/>
  <testcase name="testStartsWithOperator" time="0.015" classname="com.maven.org.test.TestMain"/>
  <testcase name="testLtOperator" time="0.010" classname="com.maven.org.test.TestMain"/>
  <testcase name="testEqCaseSensitiveOperator" time="0.016" classname="com.maven.org.test.TestMain"/>
  <testcase name="testLtEqOperator" time="0.012" classname="com.maven.org.test.TestMain"/>
  <testcase name="testNotInOperator" time="0.039" classname="com.maven.org.test.TestMain"/>
  <testcase name="testGtEqOperator" time="0.014" classname="com.maven.org.test.TestMain"/>
  <testcase name="testConstinsOperator" time="0.015" classname="com.maven.org.test.TestMain"/>
  <testcase name="testNotInCaseSensitiveOperator" time="0.011" classname="com.maven.org.test.TestMain"/>
  <testcase name="testInOperator" time="0.021" classname="com.maven.org.test.TestMain"/>
  <testcase name="testNotEqCaseSensitiveOperator" time="0.016" classname="com.maven.org.test.TestMain"/>
</testsuite> <!-- com.maven.org.test.TestMain -->
