<?xml version="1.0" encoding="UTF-8"?>
<!-- Generated by org.testng.reporters.JUnitReportReporter -->
<testsuite hostname="deepak--pc" name="com.maven.org.test.TestSqlLookup" tests="19" failures="0" timestamp="3 Aug 2019 10:42:25 GMT" time="0.785" errors="0">
  <testcase name="testEndsWithCaseSensitiveOperator" time="0.011" classname="com.maven.org.test.TestSqlLookup"/>
  <testcase name="testStartsWithCaseSensitiveOperator" time="0.012" classname="com.maven.org.test.TestSqlLookup"/>
  <testcase name="testEndsWithOperator" time="0.022" classname="com.maven.org.test.TestSqlLookup"/>
  <testcase name="testNotInCaseSensitiveOperator" time="0.027" classname="com.maven.org.test.TestSqlLookup"/>
  <testcase name="testGtOperator" time="0.010" classname="com.maven.org.test.TestSqlLookup"/>
  <testcase name="testConstinsCaseSensitiveOperator" time="0.016" classname="com.maven.org.test.TestSqlLookup"/>
  <testcase name="testEqCaseSensitiveOperator" time="0.023" classname="com.maven.org.test.TestSqlLookup"/>
  <testcase name="testGtEqOperator" time="0.015" classname="com.maven.org.test.TestSqlLookup"/>
  <testcase name="testInOperator" time="0.009" classname="com.maven.org.test.TestSqlLookup"/>
  <testcase name="testNotInOperator" time="0.015" classname="com.maven.org.test.TestSqlLookup"/>
  <testcase name="testStartsWithOperator" time="0.017" classname="com.maven.org.test.TestSqlLookup"/>
  <testcase name="testNotEqCaseSensitiveOperator" time="0.015" classname="com.maven.org.test.TestSqlLookup"/>
  <testcase name="testInCaseSensitiveOperator" time="0.016" classname="com.maven.org.test.TestSqlLookup"/>
  <testcase name="testLtEqOperator" time="0.013" classname="com.maven.org.test.TestSqlLookup"/>
  <testcase name="testConstinsOperator" time="0.015" classname="com.maven.org.test.TestSqlLookup"/>
  <testcase name="testEqOperator" time="0.012" classname="com.maven.org.test.TestSqlLookup"/>
  <testcase name="testLtOperator" time="0.012" classname="com.maven.org.test.TestSqlLookup"/>
  <testcase name="testAndOperator" time="0.495" classname="com.maven.org.test.TestSqlLookup"/>
  <testcase name="testNotEqOperator" time="0.030" classname="com.maven.org.test.TestSqlLookup"/>
</testsuite> <!-- com.maven.org.test.TestSqlLookup -->
