<?xml version="1.0" encoding="UTF-8"?>
<beans xmlns="http://www.springframework.org/schema/beans"
	xmlns:amq="http://activemq.apache.org/schema/core" xmlns:xsi="http://www.w3.org/2001/XMLSchema-instance"
	xmlns:context="http://www.springframework.org/schema/context" xmlns:tx="http://www.springframework.org/schema/tx"
	xmlns:jdbc="http://www.springframework.org/schema/jdbc"
	xsi:schemaLocation="http://www.springframework.org/schema/beans 
	http://www.springframework.org/schema/beans/spring-beans.xsd
	 http://www.springframework.org/schema/context 
    http://www.springframework.org/schema/context/spring-context.xsd
     http://activemq.apache.org/schema/core http://activemq.apache.org/schema/core/activemq-core.xsd
     http://www.springframework.org/schema/tx http://www.springframework.org/schema/tx/spring-tx-4.0.xsd 
     http://www.springframework.org/schema/util http://www.springframework.org/schema/util/spring-util.xsd
  http://www.springframework.org/schema/jdbc http://www.springframework.org/schema/jdbc/spring-jdbc.xsd"
	xmlns:util="http://www.springframework.org/schema/util">

	<jdbc:initialize-database>
		<jdbc:script location="classpath:db/db_script.sql" />
	</jdbc:initialize-database>

	<bean id="dataSource" class="org.h2.jdbcx.JdbcDataSource">
		<property name="URL" value="jdbc:h2:file:../target/new2qq" />
		<property name="user" value="sa" />
		<property name="password" value="" />
	</bean>

	<bean id="jdbcTemplate" class="org.springframework.jdbc.core.JdbcTemplate">
		<constructor-arg index="0" ref="dataSource" />
	</bean>
	
	<bean id="" class="com.maven.org.spoc.impl.SqlLookupImpl">
		<constructor-arg index="0" value="src/test/resources/config.json" />
		<property name="jdbcTemplate" ref="jdbcTemplate"/>
	</bean>
	
</beans>